{
  "C:\\Users\\Majd-\\Documents\\Work\\StarwarsPlanets\\src\\polyfills.ts": {
    "path": "C:\\Users\\Majd-\\Documents\\Work\\StarwarsPlanets\\src\\polyfills.ts",
    "statementMap": {},
    "fnMap": {},
    "branchMap": {},
    "s": {},
    "f": {},
    "b": {},
    "inputSourceMap": {
      "version": 3,
      "file": "polyfills.js",
      "sourceRoot": "",
      "sources": [
        "C:\\Users\\Majd-\\Documents\\Work\\StarwarsPlanets\\src\\polyfills.ts"
      ],
      "names": [],
      "mappings": "AAAA;;;;;;;;;;;;;;GAcG;AAEH;;GAEG;AAEH;;GAEG;AACH,oEAAoE;AAEpE;;;;GAIG;AACH,8EAA8E;AAE9E;;;;;;;;;;;;;;;;;;;;;;GAsBG;AAEH;;GAEG;AACH,OAAO,SAAS,CAAC,CAAE,6BAA6B;AAGhD;;GAEG",
      "sourcesContent": [
        "/**\r\n * This file includes polyfills needed by Angular and is loaded before the app.\r\n * You can add your own extra polyfills to this file.\r\n *\r\n * This file is divided into 2 sections:\r\n *   1. Browser polyfills. These are applied before loading ZoneJS and are sorted by browsers.\r\n *   2. Application imports. Files imported after ZoneJS that should be loaded before your main\r\n *      file.\r\n *\r\n * The current setup is for so-called \"evergreen\" browsers; the last versions of browsers that\r\n * automatically update themselves. This includes Safari >= 10, Chrome >= 55 (including Opera),\r\n * Edge >= 13 on the desktop, and iOS 10 and Chrome on mobile.\r\n *\r\n * Learn more in https://angular.io/guide/browser-support\r\n */\r\n\r\n/***************************************************************************************************\r\n * BROWSER POLYFILLS\r\n */\r\n\r\n/**\r\n * IE11 requires the following for NgClass support on SVG elements\r\n */\r\n// import 'classlist.js';  // Run `npm install --save classlist.js`.\r\n\r\n/**\r\n * Web Animations `@angular/platform-browser/animations`\r\n * Only required if AnimationBuilder is used within the application and using IE/Edge or Safari.\r\n * Standard animation support in Angular DOES NOT require any polyfills (as of Angular 6.0).\r\n */\r\n// import 'web-animations-js';  // Run `npm install --save web-animations-js`.\r\n\r\n/**\r\n * By default, zone.js will patch all possible macroTask and DomEvents\r\n * user can disable parts of macroTask/DomEvents patch by setting following flags\r\n * because those flags need to be set before `zone.js` being loaded, and webpack\r\n * will put import in the top of bundle, so user need to create a separate file\r\n * in this directory (for example: zone-flags.ts), and put the following flags\r\n * into that file, and then add the following code before importing zone.js.\r\n * import './zone-flags';\r\n *\r\n * The flags allowed in zone-flags.ts are listed here.\r\n *\r\n * The following flags will work for all browsers.\r\n *\r\n * (window as any).__Zone_disable_requestAnimationFrame = true; // disable patch requestAnimationFrame\r\n * (window as any).__Zone_disable_on_property = true; // disable patch onProperty such as onclick\r\n * (window as any).__zone_symbol__UNPATCHED_EVENTS = ['scroll', 'mousemove']; // disable patch specified eventNames\r\n *\r\n *  in IE/Edge developer tools, the addEventListener will also be wrapped by zone.js\r\n *  with the following flag, it will bypass `zone.js` patch for IE/Edge\r\n *\r\n *  (window as any).__Zone_enable_cross_context_check = true;\r\n *\r\n */\r\n\r\n/***************************************************************************************************\r\n * Zone JS is required by default for Angular itself.\r\n */\r\nimport 'zone.js';  // Included with Angular CLI.\r\n\r\n\r\n/***************************************************************************************************\r\n * APPLICATION IMPORTS\r\n */\r\n"
      ]
    },
    "_coverageSchema": "332fd63041d2c1bcb487cc26dd0d5f7d97098a6c",
    "hash": "87b271cfc08fd349636b991e183d750753fce0b9"
  },
  "C:\\Users\\Majd-\\Documents\\Work\\StarwarsPlanets\\src\\app\\planet-list\\planet (1)\\planet.component.ts": {
    "path": "C:\\Users\\Majd-\\Documents\\Work\\StarwarsPlanets\\src\\app\\planet-list\\planet (1)\\planet.component.ts",
    "statementMap": {
      "0": {
        "start": {
          "line": 5,
          "column": 8
        },
        "end": {
          "line": 5,
          "column": 39
        }
      },
      "1": {
        "start": {
          "line": 8,
          "column": 8
        },
        "end": {
          "line": 8,
          "column": 26
        }
      },
      "2": {
        "start": {
          "line": 12,
          "column": 0
        },
        "end": {
          "line": 12,
          "column": 100
        }
      },
      "3": {
        "start": {
          "line": 12,
          "column": 61
        },
        "end": {
          "line": 12,
          "column": 97
        }
      },
      "4": {
        "start": {
          "line": 13,
          "column": 0
        },
        "end": {
          "line": 25,
          "column": 188
        }
      },
      "5": {
        "start": {
          "line": 13,
          "column": 428
        },
        "end": {
          "line": 22,
          "column": 5
        }
      },
      "6": {
        "start": {
          "line": 14,
          "column": 8
        },
        "end": {
          "line": 14,
          "column": 37
        }
      },
      "7": {
        "start": {
          "line": 15,
          "column": 8
        },
        "end": {
          "line": 15,
          "column": 39
        }
      },
      "8": {
        "start": {
          "line": 16,
          "column": 8
        },
        "end": {
          "line": 16,
          "column": 38
        }
      },
      "9": {
        "start": {
          "line": 17,
          "column": 8
        },
        "end": {
          "line": 17,
          "column": 21
        }
      },
      "10": {
        "start": {
          "line": 18,
          "column": 8
        },
        "end": {
          "line": 18,
          "column": 26
        }
      },
      "11": {
        "start": {
          "line": 19,
          "column": 8
        },
        "end": {
          "line": 19,
          "column": 26
        }
      },
      "12": {
        "start": {
          "line": 20,
          "column": 8
        },
        "end": {
          "line": 20,
          "column": 35
        }
      },
      "13": {
        "start": {
          "line": 21,
          "column": 8
        },
        "end": {
          "line": 21,
          "column": 26
        }
      },
      "14": {
        "start": {
          "line": 22,
          "column": 6
        },
        "end": {
          "line": 25,
          "column": 5
        }
      },
      "15": {
        "start": {
          "line": 23,
          "column": 8
        },
        "end": {
          "line": 23,
          "column": 24
        }
      },
      "16": {
        "start": {
          "line": 24,
          "column": 8
        },
        "end": {
          "line": 24,
          "column": 39
        }
      }
    },
    "fnMap": {
      "0": {
        "name": "(anonymous_0)",
        "decl": {
          "start": {
            "line": 4,
            "column": 4
          },
          "end": {
            "line": 4,
            "column": 5
          }
        },
        "loc": {
          "start": {
            "line": 4,
            "column": 18
          },
          "end": {
            "line": 6,
            "column": 5
          }
        },
        "line": 4
      },
      "1": {
        "name": "(anonymous_1)",
        "decl": {
          "start": {
            "line": 7,
            "column": 4
          },
          "end": {
            "line": 7,
            "column": 5
          }
        },
        "loc": {
          "start": {
            "line": 7,
            "column": 20
          },
          "end": {
            "line": 9,
            "column": 5
          }
        },
        "line": 7
      },
      "2": {
        "name": "(anonymous_2)",
        "decl": {
          "start": {
            "line": 10,
            "column": 4
          },
          "end": {
            "line": 10,
            "column": 5
          }
        },
        "loc": {
          "start": {
            "line": 10,
            "column": 15
          },
          "end": {
            "line": 10,
            "column": 18
          }
        },
        "line": 10
      },
      "3": {
        "name": "PlanetComponent_Factory",
        "decl": {
          "start": {
            "line": 12,
            "column": 32
          },
          "end": {
            "line": 12,
            "column": 55
          }
        },
        "loc": {
          "start": {
            "line": 12,
            "column": 59
          },
          "end": {
            "line": 12,
            "column": 99
          }
        },
        "line": 12
      },
      "4": {
        "name": "PlanetComponent_Template",
        "decl": {
          "start": {
            "line": 13,
            "column": 392
          },
          "end": {
            "line": 13,
            "column": 416
          }
        },
        "loc": {
          "start": {
            "line": 13,
            "column": 426
          },
          "end": {
            "line": 25,
            "column": 7
          }
        },
        "line": 13
      }
    },
    "branchMap": {
      "0": {
        "loc": {
          "start": {
            "line": 12,
            "column": 73
          },
          "end": {
            "line": 12,
            "column": 93
          }
        },
        "type": "binary-expr",
        "locations": [
          {
            "start": {
              "line": 12,
              "column": 73
            },
            "end": {
              "line": 12,
              "column": 74
            }
          },
          {
            "start": {
              "line": 12,
              "column": 78
            },
            "end": {
              "line": 12,
              "column": 93
            }
          }
        ],
        "line": 12
      },
      "1": {
        "loc": {
          "start": {
            "line": 13,
            "column": 428
          },
          "end": {
            "line": 22,
            "column": 5
          }
        },
        "type": "if",
        "locations": [
          {
            "start": {
              "line": 13,
              "column": 428
            },
            "end": {
              "line": 22,
              "column": 5
            }
          },
          {
            "start": {
              "line": 13,
              "column": 428
            },
            "end": {
              "line": 22,
              "column": 5
            }
          }
        ],
        "line": 13
      },
      "2": {
        "loc": {
          "start": {
            "line": 22,
            "column": 6
          },
          "end": {
            "line": 25,
            "column": 5
          }
        },
        "type": "if",
        "locations": [
          {
            "start": {
              "line": 22,
              "column": 6
            },
            "end": {
              "line": 25,
              "column": 5
            }
          },
          {
            "start": {
              "line": 22,
              "column": 6
            },
            "end": {
              "line": 25,
              "column": 5
            }
          }
        ],
        "line": 22
      }
    },
    "s": {
      "0": 362,
      "1": 0,
      "2": 6,
      "3": 362,
      "4": 6,
      "5": 20770,
      "6": 362,
      "7": 362,
      "8": 362,
      "9": 362,
      "10": 362,
      "11": 362,
      "12": 362,
      "13": 362,
      "14": 20770,
      "15": 20408,
      "16": 20408
    },
    "f": {
      "0": 362,
      "1": 0,
      "2": 362,
      "3": 362,
      "4": 20770
    },
    "b": {
      "0": [
        362,
        362
      ],
      "1": [
        362,
        20408
      ],
      "2": [
        20408,
        362
      ]
    },
    "inputSourceMap": {
      "version": 3,
      "file": "planet.component.js",
      "sourceRoot": "",
      "sources": [
        "C:\\Users\\Majd-\\Documents\\Work\\StarwarsPlanets\\src\\app\\planet-list\\planet (1)\\planet.component.ts",
        "C:\\Users\\Majd-\\Documents\\Work\\StarwarsPlanets\\src\\app\\planet-list\\planet (1)\\planet.component.html"
      ],
      "names": [],
      "mappings": "AAAA,OAAO,EAA4B,YAAY,EAAU,MAAM,eAAe,CAAC;;AAQ/E,MAAM,OAAO,eAAe;IAM1B;QADU,SAAI,GAAG,IAAI,YAAY,EAAU,CAAC;IAC7B,CAAC;IAEhB,YAAY,CAAC,CAAS;QACpB,IAAI,CAAC,IAAI,CAAC,IAAI,CAAC,CAAC,CAAC,CAAC;IACpB,CAAC;IAED,QAAQ,KAAU,CAAC;;8EAZR,eAAe;kEAAf,eAAe;QCR5B,4BAAoE;QAEhE,8BAAuB;QACnB,6BAAoC;QAAA,YAAQ;QAAA,iBAAK;QAErD,iBAAM;QACN,0BAEO;QACX,iBAAI;;QANwC,eAAQ;QAAR,8BAAQ",
      "sourcesContent": [
        "import { Component, Input, OnInit, EventEmitter, Output } from '@angular/core';\r\nimport { Planet } from 'src/app/planet.model';\r\n\r\n@Component({\r\n  selector: 'app-planet',\r\n  templateUrl: './planet.component.html',\r\n  styleUrls: ['./planet.component.css'],\r\n})\r\nexport class PlanetComponent implements OnInit {\r\n  @Input() planet: Planet[];\r\n  @Input() name: string;\r\n  @Input() index: number;\r\n\r\n  @Output() cTOp = new EventEmitter<number>();\r\n  constructor() {}\r\n\r\n  sendToParent(n: number) {\r\n    this.cTOp.emit(n);\r\n  }\r\n\r\n  ngOnInit(): void {}\r\n}\r\n",
        "<a href=\"#\" class=\"list-group-item clearfix\" click=\"sendToParent()\">\r\n    <!--click)=\"cTOp($event)\"-->\r\n    <div class=\"pull-left\">\r\n        <h4 class=\"list-group-item-heading\">{{name}}</h4>\r\n        <!--P class=\"list-group-item-text\">Planet Describtion</P-->\r\n    </div>\r\n    <span class=\"pull-right\">\r\n        <!--img [src]=\"planetsPicURL[index]\" class=\"img-responsive\" style=\"max-height: 50px;\"-->\r\n    </span>\r\n</a>"
      ]
    },
    "_coverageSchema": "332fd63041d2c1bcb487cc26dd0d5f7d97098a6c",
    "hash": "6131a6f41a70283539ec70a557f27144251fe84a"
  },
  "C:\\Users\\Majd-\\Documents\\Work\\StarwarsPlanets\\src\\app\\planet-list\\planet-details\\planet-details.component.ts": {
    "path": "C:\\Users\\Majd-\\Documents\\Work\\StarwarsPlanets\\src\\app\\planet-list\\planet-details\\planet-details.component.ts",
    "statementMap": {
      "0": {
        "start": {
          "line": 4,
          "column": 8
        },
        "end": {
          "line": 4,
          "column": 29
        }
      },
      "1": {
        "start": {
          "line": 8,
          "column": 0
        },
        "end": {
          "line": 8,
          "column": 121
        }
      },
      "2": {
        "start": {
          "line": 8,
          "column": 75
        },
        "end": {
          "line": 8,
          "column": 118
        }
      },
      "3": {
        "start": {
          "line": 9,
          "column": 0
        },
        "end": {
          "line": 94,
          "column": 200
        }
      },
      "4": {
        "start": {
          "line": 9,
          "column": 427
        },
        "end": {
          "line": 74,
          "column": 5
        }
      },
      "5": {
        "start": {
          "line": 10,
          "column": 8
        },
        "end": {
          "line": 10,
          "column": 39
        }
      },
      "6": {
        "start": {
          "line": 11,
          "column": 8
        },
        "end": {
          "line": 11,
          "column": 39
        }
      },
      "7": {
        "start": {
          "line": 12,
          "column": 8
        },
        "end": {
          "line": 12,
          "column": 39
        }
      },
      "8": {
        "start": {
          "line": 13,
          "column": 8
        },
        "end": {
          "line": 13,
          "column": 34
        }
      },
      "9": {
        "start": {
          "line": 14,
          "column": 8
        },
        "end": {
          "line": 14,
          "column": 26
        }
      },
      "10": {
        "start": {
          "line": 15,
          "column": 8
        },
        "end": {
          "line": 15,
          "column": 26
        }
      },
      "11": {
        "start": {
          "line": 16,
          "column": 8
        },
        "end": {
          "line": 16,
          "column": 39
        }
      },
      "12": {
        "start": {
          "line": 17,
          "column": 8
        },
        "end": {
          "line": 17,
          "column": 39
        }
      },
      "13": {
        "start": {
          "line": 18,
          "column": 8
        },
        "end": {
          "line": 18,
          "column": 35
        }
      },
      "14": {
        "start": {
          "line": 19,
          "column": 8
        },
        "end": {
          "line": 19,
          "column": 21
        }
      },
      "15": {
        "start": {
          "line": 20,
          "column": 8
        },
        "end": {
          "line": 20,
          "column": 26
        }
      },
      "16": {
        "start": {
          "line": 21,
          "column": 8
        },
        "end": {
          "line": 21,
          "column": 26
        }
      },
      "17": {
        "start": {
          "line": 22,
          "column": 8
        },
        "end": {
          "line": 22,
          "column": 26
        }
      },
      "18": {
        "start": {
          "line": 23,
          "column": 8
        },
        "end": {
          "line": 23,
          "column": 26
        }
      },
      "19": {
        "start": {
          "line": 24,
          "column": 8
        },
        "end": {
          "line": 24,
          "column": 38
        }
      },
      "20": {
        "start": {
          "line": 25,
          "column": 8
        },
        "end": {
          "line": 25,
          "column": 38
        }
      },
      "21": {
        "start": {
          "line": 26,
          "column": 8
        },
        "end": {
          "line": 26,
          "column": 40
        }
      },
      "22": {
        "start": {
          "line": 27,
          "column": 8
        },
        "end": {
          "line": 27,
          "column": 42
        }
      },
      "23": {
        "start": {
          "line": 28,
          "column": 8
        },
        "end": {
          "line": 28,
          "column": 26
        }
      },
      "24": {
        "start": {
          "line": 29,
          "column": 8
        },
        "end": {
          "line": 29,
          "column": 22
        }
      },
      "25": {
        "start": {
          "line": 30,
          "column": 8
        },
        "end": {
          "line": 30,
          "column": 26
        }
      },
      "26": {
        "start": {
          "line": 31,
          "column": 8
        },
        "end": {
          "line": 31,
          "column": 39
        }
      },
      "27": {
        "start": {
          "line": 32,
          "column": 8
        },
        "end": {
          "line": 32,
          "column": 40
        }
      },
      "28": {
        "start": {
          "line": 33,
          "column": 8
        },
        "end": {
          "line": 33,
          "column": 42
        }
      },
      "29": {
        "start": {
          "line": 34,
          "column": 8
        },
        "end": {
          "line": 34,
          "column": 26
        }
      },
      "30": {
        "start": {
          "line": 35,
          "column": 8
        },
        "end": {
          "line": 35,
          "column": 22
        }
      },
      "31": {
        "start": {
          "line": 36,
          "column": 8
        },
        "end": {
          "line": 36,
          "column": 26
        }
      },
      "32": {
        "start": {
          "line": 37,
          "column": 8
        },
        "end": {
          "line": 37,
          "column": 39
        }
      },
      "33": {
        "start": {
          "line": 38,
          "column": 8
        },
        "end": {
          "line": 38,
          "column": 40
        }
      },
      "34": {
        "start": {
          "line": 39,
          "column": 8
        },
        "end": {
          "line": 39,
          "column": 36
        }
      },
      "35": {
        "start": {
          "line": 40,
          "column": 8
        },
        "end": {
          "line": 40,
          "column": 26
        }
      },
      "36": {
        "start": {
          "line": 41,
          "column": 8
        },
        "end": {
          "line": 41,
          "column": 22
        }
      },
      "37": {
        "start": {
          "line": 42,
          "column": 8
        },
        "end": {
          "line": 42,
          "column": 26
        }
      },
      "38": {
        "start": {
          "line": 43,
          "column": 8
        },
        "end": {
          "line": 43,
          "column": 39
        }
      },
      "39": {
        "start": {
          "line": 44,
          "column": 8
        },
        "end": {
          "line": 44,
          "column": 40
        }
      },
      "40": {
        "start": {
          "line": 45,
          "column": 8
        },
        "end": {
          "line": 45,
          "column": 35
        }
      },
      "41": {
        "start": {
          "line": 46,
          "column": 8
        },
        "end": {
          "line": 46,
          "column": 26
        }
      },
      "42": {
        "start": {
          "line": 47,
          "column": 8
        },
        "end": {
          "line": 47,
          "column": 22
        }
      },
      "43": {
        "start": {
          "line": 48,
          "column": 8
        },
        "end": {
          "line": 48,
          "column": 26
        }
      },
      "44": {
        "start": {
          "line": 49,
          "column": 8
        },
        "end": {
          "line": 49,
          "column": 39
        }
      },
      "45": {
        "start": {
          "line": 50,
          "column": 8
        },
        "end": {
          "line": 50,
          "column": 40
        }
      },
      "46": {
        "start": {
          "line": 51,
          "column": 8
        },
        "end": {
          "line": 51,
          "column": 35
        }
      },
      "47": {
        "start": {
          "line": 52,
          "column": 8
        },
        "end": {
          "line": 52,
          "column": 26
        }
      },
      "48": {
        "start": {
          "line": 53,
          "column": 8
        },
        "end": {
          "line": 53,
          "column": 22
        }
      },
      "49": {
        "start": {
          "line": 54,
          "column": 8
        },
        "end": {
          "line": 54,
          "column": 26
        }
      },
      "50": {
        "start": {
          "line": 55,
          "column": 8
        },
        "end": {
          "line": 55,
          "column": 39
        }
      },
      "51": {
        "start": {
          "line": 56,
          "column": 8
        },
        "end": {
          "line": 56,
          "column": 40
        }
      },
      "52": {
        "start": {
          "line": 57,
          "column": 8
        },
        "end": {
          "line": 57,
          "column": 35
        }
      },
      "53": {
        "start": {
          "line": 58,
          "column": 8
        },
        "end": {
          "line": 58,
          "column": 26
        }
      },
      "54": {
        "start": {
          "line": 59,
          "column": 8
        },
        "end": {
          "line": 59,
          "column": 22
        }
      },
      "55": {
        "start": {
          "line": 60,
          "column": 8
        },
        "end": {
          "line": 60,
          "column": 26
        }
      },
      "56": {
        "start": {
          "line": 61,
          "column": 8
        },
        "end": {
          "line": 61,
          "column": 39
        }
      },
      "57": {
        "start": {
          "line": 62,
          "column": 8
        },
        "end": {
          "line": 62,
          "column": 40
        }
      },
      "58": {
        "start": {
          "line": 63,
          "column": 8
        },
        "end": {
          "line": 63,
          "column": 41
        }
      },
      "59": {
        "start": {
          "line": 64,
          "column": 8
        },
        "end": {
          "line": 64,
          "column": 26
        }
      },
      "60": {
        "start": {
          "line": 65,
          "column": 8
        },
        "end": {
          "line": 65,
          "column": 22
        }
      },
      "61": {
        "start": {
          "line": 66,
          "column": 8
        },
        "end": {
          "line": 66,
          "column": 26
        }
      },
      "62": {
        "start": {
          "line": 67,
          "column": 8
        },
        "end": {
          "line": 67,
          "column": 39
        }
      },
      "63": {
        "start": {
          "line": 68,
          "column": 8
        },
        "end": {
          "line": 68,
          "column": 40
        }
      },
      "64": {
        "start": {
          "line": 69,
          "column": 8
        },
        "end": {
          "line": 69,
          "column": 38
        }
      },
      "65": {
        "start": {
          "line": 70,
          "column": 8
        },
        "end": {
          "line": 70,
          "column": 26
        }
      },
      "66": {
        "start": {
          "line": 71,
          "column": 8
        },
        "end": {
          "line": 71,
          "column": 22
        }
      },
      "67": {
        "start": {
          "line": 72,
          "column": 8
        },
        "end": {
          "line": 72,
          "column": 26
        }
      },
      "68": {
        "start": {
          "line": 73,
          "column": 8
        },
        "end": {
          "line": 73,
          "column": 26
        }
      },
      "69": {
        "start": {
          "line": 74,
          "column": 6
        },
        "end": {
          "line": 94,
          "column": 5
        }
      },
      "70": {
        "start": {
          "line": 75,
          "column": 8
        },
        "end": {
          "line": 75,
          "column": 45
        }
      },
      "71": {
        "start": {
          "line": 76,
          "column": 8
        },
        "end": {
          "line": 76,
          "column": 24
        }
      },
      "72": {
        "start": {
          "line": 77,
          "column": 8
        },
        "end": {
          "line": 77,
          "column": 55
        }
      },
      "73": {
        "start": {
          "line": 78,
          "column": 8
        },
        "end": {
          "line": 78,
          "column": 24
        }
      },
      "74": {
        "start": {
          "line": 79,
          "column": 8
        },
        "end": {
          "line": 79,
          "column": 76
        }
      },
      "75": {
        "start": {
          "line": 80,
          "column": 8
        },
        "end": {
          "line": 80,
          "column": 24
        }
      },
      "76": {
        "start": {
          "line": 81,
          "column": 8
        },
        "end": {
          "line": 81,
          "column": 75
        }
      },
      "77": {
        "start": {
          "line": 82,
          "column": 8
        },
        "end": {
          "line": 82,
          "column": 24
        }
      },
      "78": {
        "start": {
          "line": 83,
          "column": 8
        },
        "end": {
          "line": 83,
          "column": 69
        }
      },
      "79": {
        "start": {
          "line": 84,
          "column": 8
        },
        "end": {
          "line": 84,
          "column": 24
        }
      },
      "80": {
        "start": {
          "line": 85,
          "column": 8
        },
        "end": {
          "line": 85,
          "column": 68
        }
      },
      "81": {
        "start": {
          "line": 86,
          "column": 8
        },
        "end": {
          "line": 86,
          "column": 24
        }
      },
      "82": {
        "start": {
          "line": 87,
          "column": 8
        },
        "end": {
          "line": 87,
          "column": 68
        }
      },
      "83": {
        "start": {
          "line": 88,
          "column": 8
        },
        "end": {
          "line": 88,
          "column": 24
        }
      },
      "84": {
        "start": {
          "line": 89,
          "column": 8
        },
        "end": {
          "line": 89,
          "column": 68
        }
      },
      "85": {
        "start": {
          "line": 90,
          "column": 8
        },
        "end": {
          "line": 90,
          "column": 24
        }
      },
      "86": {
        "start": {
          "line": 91,
          "column": 8
        },
        "end": {
          "line": 91,
          "column": 75
        }
      },
      "87": {
        "start": {
          "line": 92,
          "column": 8
        },
        "end": {
          "line": 92,
          "column": 24
        }
      },
      "88": {
        "start": {
          "line": 93,
          "column": 8
        },
        "end": {
          "line": 93,
          "column": 71
        }
      }
    },
    "fnMap": {
      "0": {
        "name": "(anonymous_0)",
        "decl": {
          "start": {
            "line": 3,
            "column": 4
          },
          "end": {
            "line": 3,
            "column": 5
          }
        },
        "loc": {
          "start": {
            "line": 3,
            "column": 18
          },
          "end": {
            "line": 5,
            "column": 5
          }
        },
        "line": 3
      },
      "1": {
        "name": "(anonymous_1)",
        "decl": {
          "start": {
            "line": 6,
            "column": 4
          },
          "end": {
            "line": 6,
            "column": 5
          }
        },
        "loc": {
          "start": {
            "line": 6,
            "column": 15
          },
          "end": {
            "line": 6,
            "column": 18
          }
        },
        "line": 6
      },
      "2": {
        "name": "PlanetDetailsComponent_Factory",
        "decl": {
          "start": {
            "line": 8,
            "column": 39
          },
          "end": {
            "line": 8,
            "column": 69
          }
        },
        "loc": {
          "start": {
            "line": 8,
            "column": 73
          },
          "end": {
            "line": 8,
            "column": 120
          }
        },
        "line": 8
      },
      "3": {
        "name": "PlanetDetailsComponent_Template",
        "decl": {
          "start": {
            "line": 9,
            "column": 384
          },
          "end": {
            "line": 9,
            "column": 415
          }
        },
        "loc": {
          "start": {
            "line": 9,
            "column": 425
          },
          "end": {
            "line": 94,
            "column": 7
          }
        },
        "line": 9
      }
    },
    "branchMap": {
      "0": {
        "loc": {
          "start": {
            "line": 8,
            "column": 87
          },
          "end": {
            "line": 8,
            "column": 114
          }
        },
        "type": "binary-expr",
        "locations": [
          {
            "start": {
              "line": 8,
              "column": 87
            },
            "end": {
              "line": 8,
              "column": 88
            }
          },
          {
            "start": {
              "line": 8,
              "column": 92
            },
            "end": {
              "line": 8,
              "column": 114
            }
          }
        ],
        "line": 8
      },
      "1": {
        "loc": {
          "start": {
            "line": 9,
            "column": 427
          },
          "end": {
            "line": 74,
            "column": 5
          }
        },
        "type": "if",
        "locations": [
          {
            "start": {
              "line": 9,
              "column": 427
            },
            "end": {
              "line": 74,
              "column": 5
            }
          },
          {
            "start": {
              "line": 9,
              "column": 427
            },
            "end": {
              "line": 74,
              "column": 5
            }
          }
        ],
        "line": 9
      },
      "2": {
        "loc": {
          "start": {
            "line": 74,
            "column": 6
          },
          "end": {
            "line": 94,
            "column": 5
          }
        },
        "type": "if",
        "locations": [
          {
            "start": {
              "line": 74,
              "column": 6
            },
            "end": {
              "line": 94,
              "column": 5
            }
          },
          {
            "start": {
              "line": 74,
              "column": 6
            },
            "end": {
              "line": 94,
              "column": 5
            }
          }
        ],
        "line": 74
      }
    },
    "s": {
      "0": 1,
      "1": 6,
      "2": 1,
      "3": 6,
      "4": 101,
      "5": 1,
      "6": 1,
      "7": 1,
      "8": 1,
      "9": 1,
      "10": 1,
      "11": 1,
      "12": 1,
      "13": 1,
      "14": 1,
      "15": 1,
      "16": 1,
      "17": 1,
      "18": 1,
      "19": 1,
      "20": 1,
      "21": 1,
      "22": 1,
      "23": 1,
      "24": 1,
      "25": 1,
      "26": 1,
      "27": 1,
      "28": 1,
      "29": 1,
      "30": 1,
      "31": 1,
      "32": 1,
      "33": 1,
      "34": 1,
      "35": 1,
      "36": 1,
      "37": 1,
      "38": 1,
      "39": 1,
      "40": 1,
      "41": 1,
      "42": 1,
      "43": 1,
      "44": 1,
      "45": 1,
      "46": 1,
      "47": 1,
      "48": 1,
      "49": 1,
      "50": 1,
      "51": 1,
      "52": 1,
      "53": 1,
      "54": 1,
      "55": 1,
      "56": 1,
      "57": 1,
      "58": 1,
      "59": 1,
      "60": 1,
      "61": 1,
      "62": 1,
      "63": 1,
      "64": 1,
      "65": 1,
      "66": 1,
      "67": 1,
      "68": 1,
      "69": 101,
      "70": 100,
      "71": 100,
      "72": 100,
      "73": 100,
      "74": 100,
      "75": 100,
      "76": 100,
      "77": 100,
      "78": 100,
      "79": 100,
      "80": 100,
      "81": 100,
      "82": 100,
      "83": 100,
      "84": 100,
      "85": 100,
      "86": 100,
      "87": 100,
      "88": 100
    },
    "f": {
      "0": 1,
      "1": 1,
      "2": 1,
      "3": 101
    },
    "b": {
      "0": [
        1,
        1
      ],
      "1": [
        1,
        100
      ],
      "2": [
        100,
        1
      ]
    },
    "inputSourceMap": {
      "version": 3,
      "file": "planet-details.component.js",
      "sourceRoot": "",
      "sources": [
        "C:\\Users\\Majd-\\Documents\\Work\\StarwarsPlanets\\src\\app\\planet-list\\planet-details\\planet-details.component.ts",
        "C:\\Users\\Majd-\\Documents\\Work\\StarwarsPlanets\\src\\app\\planet-list\\planet-details\\planet-details.component.html"
      ],
      "names": [],
      "mappings": ";AAQA,MAAM,OAAO,sBAAsB;IAKjC;QAFA,YAAO,GAAG,KAAK,CAAC;IAED,CAAC;IAEhB,QAAQ,KAAU,CAAC;;4FAPR,sBAAsB;yEAAtB,sBAAsB;QCRnC,8BAAwB;QACpB,8BAAiB;QACb,8BAAuB;QACnB,yBAA0C;QAC9C,iBAAM;QACV,iBAAM;QAGN,8BAAiB;QACb,8BAAuB;QACnB,0BAAI;QAAA,YAAoB;QAAA,iBAAK;QACjC,iBAAM;QACV,iBAAM;QACV,iBAAM;QAEN,6BAAwC;QACpC,6BAA8B;QAAA,+BAAQ;QAAA,iCAAgB;QAAA,iBAAS;QAAC,aAA+B;QAAA,iBAAK;QACpG,8BAA8B;QAAA,+BAAQ;QAAA,iCAAgB;QAAA,iBAAS;QAAC,aAA8B;QAAA,iBAAK;QACnG,8BAA8B;QAAA,+BAAQ;QAAA,2BAAU;QAAA,iBAAS;QAAC,aAAwB;QAAA,iBAAK;QACvF,8BAA8B;QAAA,+BAAQ;QAAA,0BAAS;QAAA,iBAAS;QAAC,aAAuB;QAAA,iBAAK;QACrF,8BAA8B;QAAA,+BAAQ;QAAA,0BAAS;QAAA,iBAAS;QAAC,aAAuB;QAAA,iBAAK;QACrF,8BAA8B;QAAA,+BAAQ;QAAA,0BAAS;QAAA,iBAAS;QAAC,aAAuB;QAAA,iBAAK;QACrF,8BAA8B;QAAA,+BAAQ;QAAA,gCAAe;QAAA,iBAAS;QAAC,aAA8B;QAAA,iBAAK;QAClG,8BAA8B;QAAA,+BAAQ;QAAA,6BAAY;QAAA,iBAAS;QAAC,aAA0B;QAAA,iBAAK;QAC/F,iBAAK;;QAxBA,oCAAkB;QAUP,eAAoB;QAApB,8CAAoB;QAMgC,eAA+B;QAA/B,mEAA+B;QAC/B,eAA8B;QAA9B,kEAA8B;QACpC,eAAwB;QAAxB,4DAAwB;QACzB,eAAuB;QAAvB,2DAAuB;QACvB,eAAuB;QAAvB,2DAAuB;QACvB,eAAuB;QAAvB,2DAAuB;QACjB,eAA8B;QAA9B,kEAA8B;QACjC,eAA0B;QAA1B,8DAA0B",
      "sourcesContent": [
        "import { Component, Input, OnInit } from '@angular/core';\r\nimport { Planet } from 'src/app/planet.model';\r\n\r\n@Component({\r\n  selector: 'app-planet-details',\r\n  templateUrl: './planet-details.component.html',\r\n  styleUrls: ['./planet-details.component.css'],\r\n})\r\nexport class PlanetDetailsComponent implements OnInit {\r\n  @Input() planet: Planet[];\r\n  @Input() pNr: number;\r\n  display = false;\r\n\r\n  constructor() {}\r\n\r\n  ngOnInit(): void {}\r\n}\r\n",
        "<div [hidden]=\"display\">\r\n    <div class=\"row\">\r\n        <div class=\"col-xs-12\">\r\n            <img src=\"\" alt=\"\" class=\"img-responsive\">\r\n        </div>\r\n    </div>\r\n\r\n\r\n    <div class=\"row\">\r\n        <div class=\"col-xs-12\">\r\n            <h1>{{planet[pNr].name}}</h1>\r\n        </div>\r\n    </div>\r\n</div>\r\n\r\n<ul class=\"list-group list-group-flush\">\r\n    <li class=\"list-group-item d\"><strong>Rotation Period:</strong> {{planet[pNr].rotation_period}}</li>\r\n    <li class=\"list-group-item d\"><strong>Orbital Period: </strong> {{planet[pNr].orbital_period}}</li>\r\n    <li class=\"list-group-item d\"><strong>Diameter: </strong> {{planet[pNr].diameter}}</li>\r\n    <li class=\"list-group-item d\"><strong>Climate: </strong> {{planet[pNr].climate}}</li>\r\n    <li class=\"list-group-item d\"><strong>Gravity: </strong> {{planet[pNr].gravity}}</li>\r\n    <li class=\"list-group-item d\"><strong>Terrain: </strong> {{planet[pNr].terrain}}</li>\r\n    <li class=\"list-group-item d\"><strong>Surface Water: </strong> {{planet[pNr].surface_water}}%</li>\r\n    <li class=\"list-group-item d\"><strong>Population: </strong> {{planet[pNr].population}}</li>\r\n</ul>\r\n\r\n<!--div class=\"row\">\r\n        <div class=\"col-xs-12\">\r\n            <h1>{{planet[pNr].name}}</h1>\r\n        </div>\r\n    </div>\r\n\r\n    <div class=\"row\">\r\n        <div class=\"col-xs-12\">\r\n            {{planet[pNr].name}}\r\n        </div>\r\n    </div>\r\n\r\n    <div class=\"row\">\r\n        <div class=\"col-xs-12\">\r\n            sdasd\r\n        </div>\r\n    </div-->\r\n"
      ]
    },
    "_coverageSchema": "332fd63041d2c1bcb487cc26dd0d5f7d97098a6c",
    "hash": "c44ba790791644becb584c0cfac6c25e9c7fbf32"
  },
  "C:\\Users\\Majd-\\Documents\\Work\\StarwarsPlanets\\src\\app\\planet-list\\planet-list.component.ts": {
    "path": "C:\\Users\\Majd-\\Documents\\Work\\StarwarsPlanets\\src\\app\\planet-list\\planet-list.component.ts",
    "statementMap": {
      "0": {
        "start": {
          "line": 8,
          "column": 63
        },
        "end": {
          "line": 13,
          "column": 1
        }
      },
      "1": {
        "start": {
          "line": 9,
          "column": 16
        },
        "end": {
          "line": 9,
          "column": 37
        }
      },
      "2": {
        "start": {
          "line": 10,
          "column": 4
        },
        "end": {
          "line": 10,
          "column": 42
        }
      },
      "3": {
        "start": {
          "line": 11,
          "column": 4
        },
        "end": {
          "line": 11,
          "column": 250
        }
      },
      "4": {
        "start": {
          "line": 11,
          "column": 131
        },
        "end": {
          "line": 11,
          "column": 152
        }
      },
      "5": {
        "start": {
          "line": 11,
          "column": 167
        },
        "end": {
          "line": 11,
          "column": 184
        }
      },
      "6": {
        "start": {
          "line": 11,
          "column": 201
        },
        "end": {
          "line": 11,
          "column": 219
        }
      },
      "7": {
        "start": {
          "line": 11,
          "column": 221
        },
        "end": {
          "line": 11,
          "column": 246
        }
      },
      "8": {
        "start": {
          "line": 12,
          "column": 4
        },
        "end": {
          "line": 12,
          "column": 22
        }
      },
      "9": {
        "start": {
          "line": 13,
          "column": 2
        },
        "end": {
          "line": 17,
          "column": 1
        }
      },
      "10": {
        "start": {
          "line": 14,
          "column": 17
        },
        "end": {
          "line": 14,
          "column": 30
        }
      },
      "11": {
        "start": {
          "line": 15,
          "column": 19
        },
        "end": {
          "line": 15,
          "column": 37
        }
      },
      "12": {
        "start": {
          "line": 16,
          "column": 4
        },
        "end": {
          "line": 16,
          "column": 63
        }
      },
      "13": {
        "start": {
          "line": 18,
          "column": 71
        },
        "end": {
          "line": 20,
          "column": 1
        }
      },
      "14": {
        "start": {
          "line": 19,
          "column": 4
        },
        "end": {
          "line": 19,
          "column": 46
        }
      },
      "15": {
        "start": {
          "line": 20,
          "column": 2
        },
        "end": {
          "line": 23,
          "column": 1
        }
      },
      "16": {
        "start": {
          "line": 21,
          "column": 19
        },
        "end": {
          "line": 21,
          "column": 37
        }
      },
      "17": {
        "start": {
          "line": 22,
          "column": 4
        },
        "end": {
          "line": 22,
          "column": 72
        }
      },
      "18": {
        "start": {
          "line": 26,
          "column": 8
        },
        "end": {
          "line": 26,
          "column": 25
        }
      },
      "19": {
        "start": {
          "line": 27,
          "column": 8
        },
        "end": {
          "line": 27,
          "column": 30
        }
      },
      "20": {
        "start": {
          "line": 28,
          "column": 8
        },
        "end": {
          "line": 28,
          "column": 30
        }
      },
      "21": {
        "start": {
          "line": 29,
          "column": 8
        },
        "end": {
          "line": 29,
          "column": 30
        }
      },
      "22": {
        "start": {
          "line": 30,
          "column": 8
        },
        "end": {
          "line": 30,
          "column": 51
        }
      },
      "23": {
        "start": {
          "line": 33,
          "column": 8
        },
        "end": {
          "line": 33,
          "column": 28
        }
      },
      "24": {
        "start": {
          "line": 36,
          "column": 8
        },
        "end": {
          "line": 36,
          "column": 20
        }
      },
      "25": {
        "start": {
          "line": 41,
          "column": 8
        },
        "end": {
          "line": 43,
          "column": 9
        }
      },
      "26": {
        "start": {
          "line": 42,
          "column": 12
        },
        "end": {
          "line": 42,
          "column": 19
        }
      },
      "27": {
        "start": {
          "line": 44,
          "column": 8
        },
        "end": {
          "line": 44,
          "column": 30
        }
      },
      "28": {
        "start": {
          "line": 45,
          "column": 8
        },
        "end": {
          "line": 48,
          "column": 9
        }
      },
      "29": {
        "start": {
          "line": 46,
          "column": 12
        },
        "end": {
          "line": 46,
          "column": 32
        }
      },
      "30": {
        "start": {
          "line": 47,
          "column": 12
        },
        "end": {
          "line": 47,
          "column": 19
        }
      },
      "31": {
        "start": {
          "line": 49,
          "column": 8
        },
        "end": {
          "line": 59,
          "column": 11
        }
      },
      "32": {
        "start": {
          "line": 52,
          "column": 12
        },
        "end": {
          "line": 54,
          "column": 13
        }
      },
      "33": {
        "start": {
          "line": 53,
          "column": 16
        },
        "end": {
          "line": 53,
          "column": 54
        }
      },
      "34": {
        "start": {
          "line": 55,
          "column": 12
        },
        "end": {
          "line": 55,
          "column": 36
        }
      },
      "35": {
        "start": {
          "line": 58,
          "column": 12
        },
        "end": {
          "line": 58,
          "column": 31
        }
      },
      "36": {
        "start": {
          "line": 62,
          "column": 8
        },
        "end": {
          "line": 62,
          "column": 26
        }
      },
      "37": {
        "start": {
          "line": 63,
          "column": 8
        },
        "end": {
          "line": 65,
          "column": 9
        }
      },
      "38": {
        "start": {
          "line": 64,
          "column": 12
        },
        "end": {
          "line": 64,
          "column": 31
        }
      },
      "39": {
        "start": {
          "line": 66,
          "column": 8
        },
        "end": {
          "line": 79,
          "column": 11
        }
      },
      "40": {
        "start": {
          "line": 69,
          "column": 12
        },
        "end": {
          "line": 71,
          "column": 13
        }
      },
      "41": {
        "start": {
          "line": 70,
          "column": 16
        },
        "end": {
          "line": 70,
          "column": 54
        }
      },
      "42": {
        "start": {
          "line": 72,
          "column": 12
        },
        "end": {
          "line": 74,
          "column": 13
        }
      },
      "43": {
        "start": {
          "line": 73,
          "column": 16
        },
        "end": {
          "line": 73,
          "column": 44
        }
      },
      "44": {
        "start": {
          "line": 75,
          "column": 12
        },
        "end": {
          "line": 75,
          "column": 36
        }
      },
      "45": {
        "start": {
          "line": 78,
          "column": 12
        },
        "end": {
          "line": 78,
          "column": 31
        }
      },
      "46": {
        "start": {
          "line": 82,
          "column": 8
        },
        "end": {
          "line": 82,
          "column": 30
        }
      },
      "47": {
        "start": {
          "line": 85,
          "column": 28
        },
        "end": {
          "line": 85,
          "column": 30
        }
      },
      "48": {
        "start": {
          "line": 88,
          "column": 8
        },
        "end": {
          "line": 93,
          "column": 9
        }
      },
      "49": {
        "start": {
          "line": 89,
          "column": 12
        },
        "end": {
          "line": 89,
          "column": 30
        }
      },
      "50": {
        "start": {
          "line": 92,
          "column": 12
        },
        "end": {
          "line": 92,
          "column": 31
        }
      },
      "51": {
        "start": {
          "line": 96,
          "column": 0
        },
        "end": {
          "line": 96,
          "column": 147
        }
      },
      "52": {
        "start": {
          "line": 96,
          "column": 69
        },
        "end": {
          "line": 96,
          "column": 144
        }
      },
      "53": {
        "start": {
          "line": 97,
          "column": 0
        },
        "end": {
          "line": 133,
          "column": 609
        }
      },
      "54": {
        "start": {
          "line": 97,
          "column": 673
        },
        "end": {
          "line": 126,
          "column": 5
        }
      },
      "55": {
        "start": {
          "line": 98,
          "column": 8
        },
        "end": {
          "line": 98,
          "column": 39
        }
      },
      "56": {
        "start": {
          "line": 99,
          "column": 8
        },
        "end": {
          "line": 99,
          "column": 39
        }
      },
      "57": {
        "start": {
          "line": 100,
          "column": 8
        },
        "end": {
          "line": 100,
          "column": 39
        }
      },
      "58": {
        "start": {
          "line": 101,
          "column": 8
        },
        "end": {
          "line": 101,
          "column": 39
        }
      },
      "59": {
        "start": {
          "line": 102,
          "column": 8
        },
        "end": {
          "line": 102,
          "column": 39
        }
      },
      "60": {
        "start": {
          "line": 103,
          "column": 8
        },
        "end": {
          "line": 103,
          "column": 36
        }
      },
      "61": {
        "start": {
          "line": 104,
          "column": 8
        },
        "end": {
          "line": 104,
          "column": 41
        }
      },
      "62": {
        "start": {
          "line": 105,
          "column": 8
        },
        "end": {
          "line": 105,
          "column": 154
        }
      },
      "63": {
        "start": {
          "line": 105,
          "column": 118
        },
        "end": {
          "line": 105,
          "column": 150
        }
      },
      "64": {
        "start": {
          "line": 106,
          "column": 8
        },
        "end": {
          "line": 106,
          "column": 26
        }
      },
      "65": {
        "start": {
          "line": 107,
          "column": 8
        },
        "end": {
          "line": 107,
          "column": 26
        }
      },
      "66": {
        "start": {
          "line": 108,
          "column": 8
        },
        "end": {
          "line": 108,
          "column": 36
        }
      },
      "67": {
        "start": {
          "line": 109,
          "column": 8
        },
        "end": {
          "line": 109,
          "column": 42
        }
      },
      "68": {
        "start": {
          "line": 110,
          "column": 8
        },
        "end": {
          "line": 110,
          "column": 121
        }
      },
      "69": {
        "start": {
          "line": 110,
          "column": 97
        },
        "end": {
          "line": 110,
          "column": 117
        }
      },
      "70": {
        "start": {
          "line": 111,
          "column": 8
        },
        "end": {
          "line": 111,
          "column": 38
        }
      },
      "71": {
        "start": {
          "line": 112,
          "column": 8
        },
        "end": {
          "line": 112,
          "column": 26
        }
      },
      "72": {
        "start": {
          "line": 113,
          "column": 8
        },
        "end": {
          "line": 113,
          "column": 26
        }
      },
      "73": {
        "start": {
          "line": 114,
          "column": 8
        },
        "end": {
          "line": 114,
          "column": 26
        }
      },
      "74": {
        "start": {
          "line": 115,
          "column": 8
        },
        "end": {
          "line": 115,
          "column": 31
        }
      },
      "75": {
        "start": {
          "line": 116,
          "column": 8
        },
        "end": {
          "line": 116,
          "column": 93
        }
      },
      "76": {
        "start": {
          "line": 117,
          "column": 8
        },
        "end": {
          "line": 117,
          "column": 26
        }
      },
      "77": {
        "start": {
          "line": 118,
          "column": 8
        },
        "end": {
          "line": 118,
          "column": 40
        }
      },
      "78": {
        "start": {
          "line": 119,
          "column": 8
        },
        "end": {
          "line": 119,
          "column": 109
        }
      },
      "79": {
        "start": {
          "line": 120,
          "column": 8
        },
        "end": {
          "line": 120,
          "column": 26
        }
      },
      "80": {
        "start": {
          "line": 121,
          "column": 8
        },
        "end": {
          "line": 121,
          "column": 32
        }
      },
      "81": {
        "start": {
          "line": 122,
          "column": 8
        },
        "end": {
          "line": 122,
          "column": 26
        }
      },
      "82": {
        "start": {
          "line": 123,
          "column": 8
        },
        "end": {
          "line": 123,
          "column": 31
        }
      },
      "83": {
        "start": {
          "line": 124,
          "column": 8
        },
        "end": {
          "line": 124,
          "column": 26
        }
      },
      "84": {
        "start": {
          "line": 125,
          "column": 8
        },
        "end": {
          "line": 125,
          "column": 26
        }
      },
      "85": {
        "start": {
          "line": 126,
          "column": 6
        },
        "end": {
          "line": 133,
          "column": 5
        }
      },
      "86": {
        "start": {
          "line": 127,
          "column": 8
        },
        "end": {
          "line": 127,
          "column": 24
        }
      },
      "87": {
        "start": {
          "line": 128,
          "column": 8
        },
        "end": {
          "line": 128,
          "column": 50
        }
      },
      "88": {
        "start": {
          "line": 129,
          "column": 8
        },
        "end": {
          "line": 129,
          "column": 24
        }
      },
      "89": {
        "start": {
          "line": 130,
          "column": 8
        },
        "end": {
          "line": 130,
          "column": 46
        }
      },
      "90": {
        "start": {
          "line": 131,
          "column": 8
        },
        "end": {
          "line": 131,
          "column": 24
        }
      },
      "91": {
        "start": {
          "line": 132,
          "column": 8
        },
        "end": {
          "line": 132,
          "column": 41
        }
      }
    },
    "fnMap": {
      "0": {
        "name": "PlanetListComponent_app_planet_11_Template",
        "decl": {
          "start": {
            "line": 8,
            "column": 9
          },
          "end": {
            "line": 8,
            "column": 51
          }
        },
        "loc": {
          "start": {
            "line": 8,
            "column": 61
          },
          "end": {
            "line": 17,
            "column": 3
          }
        },
        "line": 8
      },
      "1": {
        "name": "PlanetListComponent_app_planet_11_Template_app_planet_click_0_listener",
        "decl": {
          "start": {
            "line": 11,
            "column": 36
          },
          "end": {
            "line": 11,
            "column": 106
          }
        },
        "loc": {
          "start": {
            "line": 11,
            "column": 109
          },
          "end": {
            "line": 11,
            "column": 248
          }
        },
        "line": 11
      },
      "2": {
        "name": "PlanetListComponent_app_planet_details_13_Template",
        "decl": {
          "start": {
            "line": 18,
            "column": 9
          },
          "end": {
            "line": 18,
            "column": 59
          }
        },
        "loc": {
          "start": {
            "line": 18,
            "column": 69
          },
          "end": {
            "line": 23,
            "column": 3
          }
        },
        "line": 18
      },
      "3": {
        "name": "(anonymous_3)",
        "decl": {
          "start": {
            "line": 25,
            "column": 4
          },
          "end": {
            "line": 25,
            "column": 5
          }
        },
        "loc": {
          "start": {
            "line": 25,
            "column": 22
          },
          "end": {
            "line": 31,
            "column": 5
          }
        },
        "line": 25
      },
      "4": {
        "name": "(anonymous_4)",
        "decl": {
          "start": {
            "line": 32,
            "column": 4
          },
          "end": {
            "line": 32,
            "column": 5
          }
        },
        "loc": {
          "start": {
            "line": 32,
            "column": 15
          },
          "end": {
            "line": 34,
            "column": 5
          }
        },
        "line": 32
      },
      "5": {
        "name": "(anonymous_5)",
        "decl": {
          "start": {
            "line": 35,
            "column": 4
          },
          "end": {
            "line": 35,
            "column": 5
          }
        },
        "loc": {
          "start": {
            "line": 35,
            "column": 16
          },
          "end": {
            "line": 37,
            "column": 5
          }
        },
        "line": 35
      },
      "6": {
        "name": "(anonymous_6)",
        "decl": {
          "start": {
            "line": 38,
            "column": 4
          },
          "end": {
            "line": 38,
            "column": 5
          }
        },
        "loc": {
          "start": {
            "line": 38,
            "column": 25
          },
          "end": {
            "line": 39,
            "column": 5
          }
        },
        "line": 38
      },
      "7": {
        "name": "(anonymous_7)",
        "decl": {
          "start": {
            "line": 40,
            "column": 4
          },
          "end": {
            "line": 40,
            "column": 5
          }
        },
        "loc": {
          "start": {
            "line": 40,
            "column": 13
          },
          "end": {
            "line": 60,
            "column": 5
          }
        },
        "line": 40
      },
      "8": {
        "name": "(anonymous_8)",
        "decl": {
          "start": {
            "line": 51,
            "column": 22
          },
          "end": {
            "line": 51,
            "column": 23
          }
        },
        "loc": {
          "start": {
            "line": 51,
            "column": 31
          },
          "end": {
            "line": 56,
            "column": 9
          }
        },
        "line": 51
      },
      "9": {
        "name": "(anonymous_9)",
        "decl": {
          "start": {
            "line": 57,
            "column": 23
          },
          "end": {
            "line": 57,
            "column": 24
          }
        },
        "loc": {
          "start": {
            "line": 57,
            "column": 32
          },
          "end": {
            "line": 59,
            "column": 9
          }
        },
        "line": 57
      },
      "10": {
        "name": "(anonymous_10)",
        "decl": {
          "start": {
            "line": 61,
            "column": 4
          },
          "end": {
            "line": 61,
            "column": 5
          }
        },
        "loc": {
          "start": {
            "line": 61,
            "column": 26
          },
          "end": {
            "line": 80,
            "column": 5
          }
        },
        "line": 61
      },
      "11": {
        "name": "(anonymous_11)",
        "decl": {
          "start": {
            "line": 68,
            "column": 22
          },
          "end": {
            "line": 68,
            "column": 23
          }
        },
        "loc": {
          "start": {
            "line": 68,
            "column": 31
          },
          "end": {
            "line": 76,
            "column": 9
          }
        },
        "line": 68
      },
      "12": {
        "name": "(anonymous_12)",
        "decl": {
          "start": {
            "line": 77,
            "column": 23
          },
          "end": {
            "line": 77,
            "column": 24
          }
        },
        "loc": {
          "start": {
            "line": 77,
            "column": 32
          },
          "end": {
            "line": 79,
            "column": 9
          }
        },
        "line": 77
      },
      "13": {
        "name": "(anonymous_13)",
        "decl": {
          "start": {
            "line": 81,
            "column": 4
          },
          "end": {
            "line": 81,
            "column": 5
          }
        },
        "loc": {
          "start": {
            "line": 81,
            "column": 12
          },
          "end": {
            "line": 83,
            "column": 5
          }
        },
        "line": 81
      },
      "14": {
        "name": "(anonymous_14)",
        "decl": {
          "start": {
            "line": 84,
            "column": 4
          },
          "end": {
            "line": 84,
            "column": 5
          }
        },
        "loc": {
          "start": {
            "line": 84,
            "column": 23
          },
          "end": {
            "line": 86,
            "column": 5
          }
        },
        "line": 84
      },
      "15": {
        "name": "(anonymous_15)",
        "decl": {
          "start": {
            "line": 87,
            "column": 4
          },
          "end": {
            "line": 87,
            "column": 5
          }
        },
        "loc": {
          "start": {
            "line": 87,
            "column": 11
          },
          "end": {
            "line": 94,
            "column": 5
          }
        },
        "line": 87
      },
      "16": {
        "name": "PlanetListComponent_Factory",
        "decl": {
          "start": {
            "line": 96,
            "column": 36
          },
          "end": {
            "line": 96,
            "column": 63
          }
        },
        "loc": {
          "start": {
            "line": 96,
            "column": 67
          },
          "end": {
            "line": 96,
            "column": 146
          }
        },
        "line": 96
      },
      "17": {
        "name": "PlanetListComponent_Template",
        "decl": {
          "start": {
            "line": 97,
            "column": 633
          },
          "end": {
            "line": 97,
            "column": 661
          }
        },
        "loc": {
          "start": {
            "line": 97,
            "column": 671
          },
          "end": {
            "line": 133,
            "column": 7
          }
        },
        "line": 97
      },
      "18": {
        "name": "PlanetListComponent_Template_input_ngModelChange_6_listener",
        "decl": {
          "start": {
            "line": 105,
            "column": 48
          },
          "end": {
            "line": 105,
            "column": 107
          }
        },
        "loc": {
          "start": {
            "line": 105,
            "column": 116
          },
          "end": {
            "line": 105,
            "column": 152
          }
        },
        "line": 105
      },
      "19": {
        "name": "PlanetListComponent_Template_button_click_8_listener",
        "decl": {
          "start": {
            "line": 110,
            "column": 40
          },
          "end": {
            "line": 110,
            "column": 92
          }
        },
        "loc": {
          "start": {
            "line": 110,
            "column": 95
          },
          "end": {
            "line": 110,
            "column": 119
          }
        },
        "line": 110
      }
    },
    "branchMap": {
      "0": {
        "loc": {
          "start": {
            "line": 8,
            "column": 63
          },
          "end": {
            "line": 13,
            "column": 1
          }
        },
        "type": "if",
        "locations": [
          {
            "start": {
              "line": 8,
              "column": 63
            },
            "end": {
              "line": 13,
              "column": 1
            }
          },
          {
            "start": {
              "line": 8,
              "column": 63
            },
            "end": {
              "line": 13,
              "column": 1
            }
          }
        ],
        "line": 8
      },
      "1": {
        "loc": {
          "start": {
            "line": 13,
            "column": 2
          },
          "end": {
            "line": 17,
            "column": 1
          }
        },
        "type": "if",
        "locations": [
          {
            "start": {
              "line": 13,
              "column": 2
            },
            "end": {
              "line": 17,
              "column": 1
            }
          },
          {
            "start": {
              "line": 13,
              "column": 2
            },
            "end": {
              "line": 17,
              "column": 1
            }
          }
        ],
        "line": 13
      },
      "2": {
        "loc": {
          "start": {
            "line": 18,
            "column": 71
          },
          "end": {
            "line": 20,
            "column": 1
          }
        },
        "type": "if",
        "locations": [
          {
            "start": {
              "line": 18,
              "column": 71
            },
            "end": {
              "line": 20,
              "column": 1
            }
          },
          {
            "start": {
              "line": 18,
              "column": 71
            },
            "end": {
              "line": 20,
              "column": 1
            }
          }
        ],
        "line": 18
      },
      "3": {
        "loc": {
          "start": {
            "line": 20,
            "column": 2
          },
          "end": {
            "line": 23,
            "column": 1
          }
        },
        "type": "if",
        "locations": [
          {
            "start": {
              "line": 20,
              "column": 2
            },
            "end": {
              "line": 23,
              "column": 1
            }
          },
          {
            "start": {
              "line": 20,
              "column": 2
            },
            "end": {
              "line": 23,
              "column": 1
            }
          }
        ],
        "line": 20
      },
      "4": {
        "loc": {
          "start": {
            "line": 41,
            "column": 8
          },
          "end": {
            "line": 43,
            "column": 9
          }
        },
        "type": "if",
        "locations": [
          {
            "start": {
              "line": 41,
              "column": 8
            },
            "end": {
              "line": 43,
              "column": 9
            }
          },
          {
            "start": {
              "line": 41,
              "column": 8
            },
            "end": {
              "line": 43,
              "column": 9
            }
          }
        ],
        "line": 41
      },
      "5": {
        "loc": {
          "start": {
            "line": 41,
            "column": 12
          },
          "end": {
            "line": 41,
            "column": 69
          }
        },
        "type": "binary-expr",
        "locations": [
          {
            "start": {
              "line": 41,
              "column": 12
            },
            "end": {
              "line": 41,
              "column": 35
            }
          },
          {
            "start": {
              "line": 41,
              "column": 39
            },
            "end": {
              "line": 41,
              "column": 69
            }
          }
        ],
        "line": 41
      },
      "6": {
        "loc": {
          "start": {
            "line": 45,
            "column": 8
          },
          "end": {
            "line": 48,
            "column": 9
          }
        },
        "type": "if",
        "locations": [
          {
            "start": {
              "line": 45,
              "column": 8
            },
            "end": {
              "line": 48,
              "column": 9
            }
          },
          {
            "start": {
              "line": 45,
              "column": 8
            },
            "end": {
              "line": 48,
              "column": 9
            }
          }
        ],
        "line": 45
      },
      "7": {
        "loc": {
          "start": {
            "line": 63,
            "column": 8
          },
          "end": {
            "line": 65,
            "column": 9
          }
        },
        "type": "if",
        "locations": [
          {
            "start": {
              "line": 63,
              "column": 8
            },
            "end": {
              "line": 65,
              "column": 9
            }
          },
          {
            "start": {
              "line": 63,
              "column": 8
            },
            "end": {
              "line": 65,
              "column": 9
            }
          }
        ],
        "line": 63
      },
      "8": {
        "loc": {
          "start": {
            "line": 72,
            "column": 12
          },
          "end": {
            "line": 74,
            "column": 13
          }
        },
        "type": "if",
        "locations": [
          {
            "start": {
              "line": 72,
              "column": 12
            },
            "end": {
              "line": 74,
              "column": 13
            }
          },
          {
            "start": {
              "line": 72,
              "column": 12
            },
            "end": {
              "line": 74,
              "column": 13
            }
          }
        ],
        "line": 72
      },
      "9": {
        "loc": {
          "start": {
            "line": 88,
            "column": 8
          },
          "end": {
            "line": 93,
            "column": 9
          }
        },
        "type": "if",
        "locations": [
          {
            "start": {
              "line": 88,
              "column": 8
            },
            "end": {
              "line": 93,
              "column": 9
            }
          },
          {
            "start": {
              "line": 88,
              "column": 8
            },
            "end": {
              "line": 93,
              "column": 9
            }
          }
        ],
        "line": 88
      },
      "10": {
        "loc": {
          "start": {
            "line": 96,
            "column": 81
          },
          "end": {
            "line": 96,
            "column": 105
          }
        },
        "type": "binary-expr",
        "locations": [
          {
            "start": {
              "line": 96,
              "column": 81
            },
            "end": {
              "line": 96,
              "column": 82
            }
          },
          {
            "start": {
              "line": 96,
              "column": 86
            },
            "end": {
              "line": 96,
              "column": 105
            }
          }
        ],
        "line": 96
      },
      "11": {
        "loc": {
          "start": {
            "line": 97,
            "column": 673
          },
          "end": {
            "line": 126,
            "column": 5
          }
        },
        "type": "if",
        "locations": [
          {
            "start": {
              "line": 97,
              "column": 673
            },
            "end": {
              "line": 126,
              "column": 5
            }
          },
          {
            "start": {
              "line": 97,
              "column": 673
            },
            "end": {
              "line": 126,
              "column": 5
            }
          }
        ],
        "line": 97
      },
      "12": {
        "loc": {
          "start": {
            "line": 126,
            "column": 6
          },
          "end": {
            "line": 133,
            "column": 5
          }
        },
        "type": "if",
        "locations": [
          {
            "start": {
              "line": 126,
              "column": 6
            },
            "end": {
              "line": 133,
              "column": 5
            }
          },
          {
            "start": {
              "line": 126,
              "column": 6
            },
            "end": {
              "line": 133,
              "column": 5
            }
          }
        ],
        "line": 126
      }
    },
    "s": {
      "0": 20770,
      "1": 362,
      "2": 362,
      "3": 362,
      "4": 50,
      "5": 50,
      "6": 50,
      "7": 50,
      "8": 362,
      "9": 20770,
      "10": 20408,
      "11": 20408,
      "12": 20408,
      "13": 101,
      "14": 1,
      "15": 101,
      "16": 100,
      "17": 100,
      "18": 6,
      "19": 6,
      "20": 6,
      "21": 6,
      "22": 6,
      "23": 6,
      "24": 300,
      "25": 2,
      "26": 0,
      "27": 2,
      "28": 2,
      "29": 0,
      "30": 0,
      "31": 2,
      "32": 2,
      "33": 2,
      "34": 2,
      "35": 2,
      "36": 36,
      "37": 36,
      "38": 6,
      "39": 36,
      "40": 36,
      "41": 360,
      "42": 36,
      "43": 30,
      "44": 36,
      "45": 36,
      "46": 50,
      "47": 0,
      "48": 300,
      "49": 50,
      "50": 250,
      "51": 6,
      "52": 6,
      "53": 6,
      "54": 606,
      "55": 6,
      "56": 6,
      "57": 6,
      "58": 6,
      "59": 6,
      "60": 6,
      "61": 6,
      "62": 6,
      "63": 6,
      "64": 6,
      "65": 6,
      "66": 6,
      "67": 6,
      "68": 6,
      "69": 2,
      "70": 6,
      "71": 6,
      "72": 6,
      "73": 6,
      "74": 6,
      "75": 6,
      "76": 6,
      "77": 6,
      "78": 6,
      "79": 6,
      "80": 6,
      "81": 6,
      "82": 6,
      "83": 6,
      "84": 6,
      "85": 606,
      "86": 600,
      "87": 600,
      "88": 600,
      "89": 600,
      "90": 600,
      "91": 600
    },
    "f": {
      "0": 20770,
      "1": 50,
      "2": 101,
      "3": 6,
      "4": 6,
      "5": 300,
      "6": 0,
      "7": 2,
      "8": 2,
      "9": 2,
      "10": 36,
      "11": 36,
      "12": 36,
      "13": 50,
      "14": 0,
      "15": 300,
      "16": 6,
      "17": 606,
      "18": 6,
      "19": 2
    },
    "b": {
      "0": [
        362,
        20408
      ],
      "1": [
        20408,
        362
      ],
      "2": [
        1,
        100
      ],
      "3": [
        100,
        1
      ],
      "4": [
        0,
        2
      ],
      "5": [
        2,
        0
      ],
      "6": [
        0,
        2
      ],
      "7": [
        6,
        30
      ],
      "8": [
        30,
        6
      ],
      "9": [
        50,
        250
      ],
      "10": [
        6,
        6
      ],
      "11": [
        6,
        600
      ],
      "12": [
        600,
        6
      ]
    },
    "inputSourceMap": {
      "version": 3,
      "file": "planet-list.component.js",
      "sourceRoot": "",
      "sources": [
        "C:\\Users\\Majd-\\Documents\\Work\\StarwarsPlanets\\src\\app\\planet-list\\planet-list.component.ts",
        "C:\\Users\\Majd-\\Documents\\Work\\StarwarsPlanets\\src\\app\\planet-list\\planet-list.component.html"
      ],
      "names": [],
      "mappings": "AAEA,OAAO,EAAE,GAAG,EAAE,MAAM,gBAAgB,CAAC;;;;;;;;;ICUrB,qCACsB;IAAlB,qPAAiB;IACrB,iBAAa;;;;IAFD,uCAAkB,mBAAA;;;IAK9B,yCACqB;;;IADD,uCAAkB,4BAAA;;ADNtD,MAAM,OAAO,mBAAmB;IAW9B,YAAoB,IAAgB;QAAhB,SAAI,GAAJ,IAAI,CAAY;QAPpC,gBAAW,GAAG,EAAE,CAAC;QACjB,gBAAW,GAAa,EAAE,CAAC;QAC3B,gBAAW,GAAa,EAAE,CAAC;QAE3B,QAAG,GAAG,+BAA+B,CAAC;IAGC,CAAC;IAExC,QAAQ;QACN,IAAI,CAAC,YAAY,EAAE,CAAC;IACtB,CAAC;IAED,SAAS;QACP,IAAI,CAAC,IAAI,EAAE,CAAC;IACd,CAAC;IAED,WAAW,CAAC,OAAsB;IAClC,CAAC;IAED,MAAM;QACJ,IAAI,IAAI,CAAC,WAAW,KAAK,EAAE,IAAI,IAAI,CAAC,WAAW,CAAC,MAAM,KAAK,EAAE,EAAC;YAE5D,OAAM;SACP;QACD,IAAI,CAAC,WAAW,GAAG,EAAE,CAAA;QACrB,IAAI,IAAI,CAAC,WAAW,KAAK,EAAE,EAAC;YAE1B,IAAI,CAAC,YAAY,EAAE,CAAA;YACnB,OAAM;SACP;QACD,IAAI,CAAC,IAAI;aACN,GAAG,CAAM,wCAAwC,GAAG,IAAI,CAAC,WAAW,CAAC;aACrE,IAAI,CACH,GAAG,CAAC,CAAC,GAAQ,EAAE,EAAE;YACf,KAAK,MAAM,CAAC,IAAI,GAAG,CAAC,OAAO,EAAE;gBAC3B,IAAI,CAAC,WAAW,CAAC,IAAI,CAAC,GAAG,CAAC,OAAO,CAAC,CAAC,CAAC,CAAC,CAAC;aACvC;YACD,OAAO,IAAI,CAAC,WAAW,CAAC;QAC1B,CAAC,CAAC,CACH;aACA,SAAS,CAAC,CAAC,GAAQ,EAAE,EAAE;YACtB,IAAI,CAAC,OAAO,GAAG,GAAG,CAAC;QACrB,CAAC,CAAC,CAAC;IACP,CAAC;IAEO,YAAY,CAAC,OAAa;QAChC,IAAI,CAAC,OAAO,GAAG,EAAE,CAAC;QAClB,IAAI,CAAC,OAAO,EAAE;YACZ,OAAO,GAAG,IAAI,CAAC,GAAG,CAAC;SACpB;QAED,IAAI,CAAC,IAAI;aACN,GAAG,CAAM,OAAO,CAAC;aACjB,IAAI,CACH,GAAG,CAAC,CAAC,GAAQ,EAAE,EAAE;YACf,KAAK,MAAM,CAAC,IAAI,GAAG,CAAC,OAAO,EAAE;gBAC3B,IAAI,CAAC,WAAW,CAAC,IAAI,CAAC,GAAG,CAAC,OAAO,CAAC,CAAC,CAAC,CAAC,CAAC;aACvC;YACD,IAAI,GAAG,CAAC,IAAI,EAAE;gBACZ,IAAI,CAAC,YAAY,CAAC,GAAG,CAAC,IAAI,CAAC,CAAC;aAC7B;YACD,OAAO,IAAI,CAAC,WAAW,CAAC;QAC1B,CAAC,CAAC,CACH;aACA,SAAS,CAAC,CAAC,GAAQ,EAAE,EAAE;YACtB,IAAI,CAAC,OAAO,GAAG,GAAG,CAAC;QACrB,CAAC,CAAC,CAAC;IACP,CAAC;IAED,IAAI,CAAC,CAAS;QACZ,IAAI,CAAC,YAAY,GAAG,CAAC,CAAC;IACxB,CAAC;IAED,aAAa,CAAC,GAAQ;QACpB,MAAM,WAAW,GAAa,EAAE,CAAC;IACnC,CAAC;IAED,IAAI;QACF,IAAI,IAAI,CAAC,YAAY,IAAI,IAAI,EAAE;YAC7B,IAAI,CAAC,KAAK,GAAG,IAAI,CAAC;SACnB;aAAM;YACL,IAAI,CAAC,KAAK,GAAG,KAAK,CAAC;SACpB;IACH,CAAC;;sFAxFU,mBAAmB;sEAAnB,mBAAmB;QCXhC,8BAAiB;QACb,8BAAuB;QACnB,8BAAiB;QACb,8BAAsB;QAClB,8BAAkB;QACd,2BAAK;QAAA,gCAC6B;QAA1B,iJAAyB;QAD5B,iBAC6B;QAAA,iBAAM;QAGxC,2BAAK;QAAA,iCAAiE;QAAnB,gGAAS,YAAQ,IAAC;QAAC,6BAAa;QAAA,iBAAS;QAAA,iBAAM;QACtG,iBAAM;QACN,sBAAI;QACJ,oFAEa;QACjB,iBAAM;QACN,+BAAsB;QAClB,oGACqB;QACzB,iBAAM;QACN,uBACM;QACV,iBAAM;QACN,sBAAI;QAER,iBAAM;QACV,iBAAM;;QApBsB,eAAyB;QAAzB,yCAAyB;QAMQ,eAAW;QAAX,qCAAW;QAKG,eAAW;QAAX,gCAAW",
      "sourcesContent": [
[...]
          "line": 13,
          "column": 0
        },
        "end": {
          "line": 13,
          "column": 129
        }
      },
      "4": {
        "start": {
          "line": 14,
          "column": 0
        },
        "end": {
          "line": 17,
          "column": 98
        }
      },
      "5": {
        "start": {
          "line": 14,
          "column": 15
        },
        "end": {
          "line": 17,
          "column": 92
        }
      }
    },
    "fnMap": {
      "0": {
        "name": "AppModule_Factory",
        "decl": {
          "start": {
            "line": 11,
            "column": 26
          },
          "end": {
            "line": 11,
            "column": 43
          }
        },
        "loc": {
          "start": {
            "line": 11,
            "column": 47
          },
          "end": {
            "line": 11,
            "column": 81
          }
        },
        "line": 11
      },
      "1": {
        "name": "(anonymous_1)",
        "decl": {
          "start": {
            "line": 14,
            "column": 1
          },
          "end": {
            "line": 14,
            "column": 2
          }
        },
        "loc": {
          "start": {
            "line": 14,
            "column": 13
          },
          "end": {
            "line": 17,
            "column": 94
          }
        },
        "line": 14
      }
    },
    "branchMap": {
      "0": {
        "loc": {
          "start": {
            "line": 11,
            "column": 61
          },
          "end": {
            "line": 11,
            "column": 75
          }
        },
        "type": "binary-expr",
        "locations": [
          {
            "start": {
              "line": 11,
              "column": 61
            },
            "end": {
              "line": 11,
              "column": 62
            }
          },
          {
            "start": {
              "line": 11,
              "column": 66
            },
            "end": {
              "line": 11,
              "column": 75
            }
          }
        ],
        "line": 11
      },
      "1": {
        "loc": {
          "start": {
            "line": 14,
            "column": 15
          },
          "end": {
            "line": 17,
            "column": 91
          }
        },
        "type": "binary-expr",
        "locations": [
          {
            "start": {
              "line": 14,
              "column": 16
            },
            "end": {
              "line": 14,
              "column": 48
            }
          },
          {
            "start": {
              "line": 14,
              "column": 52
            },
            "end": {
              "line": 14,
              "column": 61
            }
          },
          {
            "start": {
              "line": 14,
              "column": 66
            },
            "end": {
              "line": 17,
              "column": 91
            }
          }
        ],
        "line": 14
      }
    },
    "s": {
      "0": 6,
      "1": 6,
      "2": 6,
      "3": 6,
      "4": 6,
      "5": 6
    },
    "f": {
      "0": 6,
      "1": 6
    },
    "b": {
      "0": [
        6,
        6
      ],
      "1": [
        6,
        0,
        6
      ]
    },
    "inputSourceMap": {
      "version": 3,
      "file": "app.module.js",
      "sourceRoot": "",
      "sources": [
        "C:\\Users\\Majd-\\Documents\\Work\\StarwarsPlanets\\src\\app\\app.module.ts"
      ],
      "names": [],
      "mappings": "AACA,OAAO,EAAE,aAAa,EAAE,MAAM,2BAA2B,CAAC;AAC1D,OAAO,EAAE,gBAAgB,EAAE,MAAM,sBAAsB,CAAC;AACxD,OAAO,EAAE,WAAW,EAAE,MAAM,gBAAgB,CAAC;AAE7C,OAAO,EAAE,YAAY,EAAE,MAAM,iBAAiB,CAAC;AAC/C,OAAO,EAAE,sBAAsB,EAAE,MAAM,uDAAuD,CAAC;AAC/F,OAAO,EAAE,mBAAmB,EAAE,MAAM,qCAAqC,CAAC;AAC1E,OAAO,EAAE,eAAe,EAAE,MAAM,2CAA2C,CAAC;;AAa5E,MAAM,OAAO,SAAS;;kEAAT,SAAS;2DAAT,SAAS,cAFR,YAAY;gEADb,EAAE,YADJ,CAAC,gBAAgB,EAAE,aAAa,EAAE,WAAW,CAAC;wFAI5C,SAAS,mBATlB,YAAY;QACZ,mBAAmB;QACnB,eAAe;QACf,sBAAsB,aAEd,gBAAgB,EAAE,aAAa,EAAE,WAAW",
      "sourcesContent": [
        "import { NgModule } from '@angular/core';\r\nimport { BrowserModule } from '@angular/platform-browser';\r\nimport { HttpClientModule } from '@angular/common/http';\r\nimport { FormsModule } from '@angular/forms';\r\n\r\nimport { AppComponent } from './app.component';\r\nimport { PlanetDetailsComponent } from './planet-list/planet-details/planet-details.component';\r\nimport { PlanetListComponent } from './planet-list/planet-list.component';\r\nimport { PlanetComponent } from './planet-list/planet (1)/planet.component';\r\n\r\n@NgModule({\r\n  declarations: [\r\n    AppComponent,\r\n    PlanetListComponent,\r\n    PlanetComponent,\r\n    PlanetDetailsComponent,\r\n  ],\r\n  imports: [HttpClientModule, BrowserModule, FormsModule],\r\n  providers: [],\r\n  bootstrap: [AppComponent],\r\n})\r\nexport class AppModule {}\r\n"
      ]
    },
    "_coverageSchema": "332fd63041d2c1bcb487cc26dd0d5f7d97098a6c",
    "hash": "1eecff914cfc49800b08b41066e8f71dd55e878a"
  },
  "C:\\Users\\Majd-\\Documents\\Work\\StarwarsPlanets\\src\\environments\\environment.ts": {
    "path": "C:\\Users\\Majd-\\Documents\\Work\\StarwarsPlanets\\src\\environments\\environment.ts",
    "statementMap": {
      "0": {
        "start": {
          "line": 4,
          "column": 27
        },
        "end": {
          "line": 6,
          "column": 1
        }
      }
    },
    "fnMap": {},
    "branchMap": {},
    "s": {
      "0": 6
    },
    "f": {},
    "b": {},
    "inputSourceMap": {
      "version": 3,
      "file": "environment.js",
      "sourceRoot": "",
      "sources": [
        "C:\\Users\\Majd-\\Documents\\Work\\StarwarsPlanets\\src\\environments\\environment.ts"
      ],
      "names": [],
      "mappings": "AAAA,gFAAgF;AAChF,mEAAmE;AACnE,gEAAgE;AAEhE,MAAM,CAAC,MAAM,WAAW,GAAG;IACzB,UAAU,EAAE,KAAK;CAClB,CAAC;AAEF;;;;;;GAMG;AACH,sEAAsE",
      "sourcesContent": [
        "// This file can be replaced during build by using the `fileReplacements` array.\r\n// `ng build` replaces `environment.ts` with `environment.prod.ts`.\r\n// The list of file replacements can be found in `angular.json`.\r\n\r\nexport const environment = {\r\n  production: false\r\n};\r\n\r\n/*\r\n * For easier debugging in development mode, you can import the following file\r\n * to ignore zone related error stack frames such as `zone.run`, `zoneDelegate.invokeTask`.\r\n *\r\n * This import should be commented out in production mode because it will have a negative impact\r\n * on performance if an error is thrown.\r\n */\r\n// import 'zone.js/plugins/zone-error';  // Included with Angular CLI.\r\n"
      ]
    },
    "_coverageSchema": "332fd63041d2c1bcb487cc26dd0d5f7d97098a6c",
    "hash": "cfdd821cf066ffb950958afd6b70a9ef1ee26b1e"
  },
  "C:\\Users\\Majd-\\Documents\\Work\\StarwarsPlanets\\src\\main.ts": {
    "path": "C:\\Users\\Majd-\\Documents\\Work\\StarwarsPlanets\\src\\main.ts",
    "statementMap": {
      "0": {
        "start": {
          "line": 5,
          "column": 0
        },
        "end": {
          "line": 7,
          "column": 1
        }
      },
      "1": {
        "start": {
          "line": 6,
          "column": 4
        },
        "end": {
          "line": 6,
          "column": 21
        }
      },
      "2": {
        "start": {
          "line": 8,
          "column": 0
        },
        "end": {
          "line": 9,
          "column": 38
        }
      },
      "3": {
        "start": {
          "line": 9,
          "column": 18
        },
        "end": {
          "line": 9,
          "column": 36
        }
      }
    },
    "fnMap": {
      "0": {
        "name": "(anonymous_0)",
        "decl": {
          "start": {
            "line": 9,
            "column": 11
          },
          "end": {
            "line": 9,
            "column": 12
          }
        },
        "loc": {
          "start": {
            "line": 9,
            "column": 18
          },
          "end": {
            "line": 9,
            "column": 36
          }
        },
        "line": 9
      }
    },
    "branchMap": {
      "0": {
        "loc": {
          "start": {
            "line": 5,
            "column": 0
          },
          "end": {
            "line": 7,
            "column": 1
          }
        },
        "type": "if",
        "locations": [
          {
            "start": {
              "line": 5,
              "column": 0
            },
            "end": {
              "line": 7,
              "column": 1
            }
          },
          {
            "start": {
              "line": 5,
              "column": 0
            },
            "end": {
              "line": 7,
              "column": 1
            }
          }
        ],
        "line": 5
      }
    },
    "s": {
      "0": 6,
      "1": 0,
      "2": 6,
      "3": 0
    },
    "f": {
      "0": 0
    },
    "b": {
      "0": [
        0,
        6
      ]
    },
    "inputSourceMap": {
      "version": 3,
      "file": "main.js",
      "sourceRoot": "",
      "sources": [
        "C:\\Users\\Majd-\\Documents\\Work\\StarwarsPlanets\\src\\main.ts"
      ],
      "names": [],
      "mappings": ";AAAA,OAAO,EAAE,cAAc,EAAE,MAAM,eAAe,CAAC;AAG/C,OAAO,EAAE,SAAS,EAAE,MAAM,kBAAkB,CAAC;AAC7C,OAAO,EAAE,WAAW,EAAE,MAAM,4BAA4B,CAAC;AAEzD,IAAI,WAAW,CAAC,UAAU,EAAE;IAC1B,cAAc,EAAE,CAAC;CAClB;AAED,qCAAwB,CAAC,eAAe,CAAC,SAAS,CAAC;KAChD,KAAK,CAAC,GAAG,CAAC,EAAE,CAAC,OAAO,CAAC,KAAK,CAAC,GAAG,CAAC,CAAC,CAAC",
      "sourcesContent": [
        "import { enableProdMode } from '@angular/core';\r\nimport { platformBrowserDynamic } from '@angular/platform-browser-dynamic';\r\n\r\nimport { AppModule } from './app/app.module';\r\nimport { environment } from './environments/environment';\r\n\r\nif (environment.production) {\r\n  enableProdMode();\r\n}\r\n\r\nplatformBrowserDynamic().bootstrapModule(AppModule)\r\n  .catch(err => console.error(err));\r\n"
      ]
    },
    "_coverageSchema": "332fd63041d2c1bcb487cc26dd0d5f7d97098a6c",
    "hash": "59a25185c0a7b3d282927bb8221753024e1c44c5"
  },
  "C:/Users/Majd-/Documents/Work/StarwarsPlanets/karma.conf.js": {
    "path": "C:/Users/Majd-/Documents/Work/StarwarsPlanets/karma.conf.js",
    "statementMap": {},
    "fnMap": {},
    "branchMap": {},
    "s": {},
    "f": {},
    "b": {}
  },
  "C:/Users/Majd-/Documents/Work/StarwarsPlanets/cypress/coverage.webpack.js": {
    "path": "C:/Users/Majd-/Documents/Work/StarwarsPlanets/cypress/coverage.webpack.js",
    "statementMap": {},
    "fnMap": {},
    "branchMap": {},
    "s": {},
    "f": {},
    "b": {}
  },
  "C:/Users/Majd-/Documents/Work/StarwarsPlanets/coverage/lcov-report/block-navigation.js": {
    "path": "C:/Users/Majd-/Documents/Work/StarwarsPlanets/coverage/lcov-report/block-navigation.js",
    "statementMap": {},
    "fnMap": {},
    "branchMap": {},
    "s": {},
    "f": {},
    "b": {}
  },
  "C:/Users/Majd-/Documents/Work/StarwarsPlanets/coverage/lcov-report/prettify.js": {
    "path": "C:/Users/Majd-/Documents/Work/StarwarsPlanets/coverage/lcov-report/prettify.js",
    "statementMap": {},
    "fnMap": {},
    "branchMap": {},
    "s": {},
    "f": {},
    "b": {}
  },
  "C:/Users/Majd-/Documents/Work/StarwarsPlanets/coverage/lcov-report/sorter.js": {
    "path": "C:/Users/Majd-/Documents/Work/StarwarsPlanets/coverage/lcov-report/sorter.js",
    "statementMap": {},
    "fnMap": {},
    "branchMap": {},
    "s": {},
    "f": {},
    "b": {}
  },
  "C:/Users/Majd-/Documents/Work/StarwarsPlanets/cypress/integration/main.test.js": {
    "path": "C:/Users/Majd-/Documents/Work/StarwarsPlanets/cypress/integration/main.test.js",
    "statementMap": {},
    "fnMap": {},
    "branchMap": {},
    "s": {},
    "f": {},
    "b": {}
  },
  "C:/Users/Majd-/Documents/Work/StarwarsPlanets/cypress/plugins/index.js": {
    "path": "C:/Users/Majd-/Documents/Work/StarwarsPlanets/cypress/plugins/index.js",
    "statementMap": {},
    "fnMap": {},
    "branchMap": {},
    "s": {},
    "f": {},
    "b": {}
  },
  "C:/Users/Majd-/Documents/Work/StarwarsPlanets/cypress/support/commands.js": {
    "path": "C:/Users/Majd-/Documents/Work/StarwarsPlanets/cypress/support/commands.js",
    "statementMap": {},
    "fnMap": {},
    "branchMap": {},
    "s": {},
    "f": {},
    "b": {}
  },
  "C:/Users/Majd-/Documents/Work/StarwarsPlanets/cypress/support/index.js": {
    "path": "C:/Users/Majd-/Documents/Work/StarwarsPlanets/cypress/support/index.js",
    "statementMap": {},
    "fnMap": {},
    "branchMap": {},
    "s": {},
    "f": {},
    "b": {}
  },
  "C:/Users/Majd-/Documents/Work/StarwarsPlanets/instrumented/main.ts": {
    "path": "C:/Users/Majd-/Documents/Work/StarwarsPlanets/instrumented/main.ts",
    "statementMap": {},
    "fnMap": {},
    "branchMap": {},
    "s": {},
    "f": {},
    "b": {}
  },
  "C:/Users/Majd-/Documents/Work/StarwarsPlanets/instrumented/polyfills.ts": {
    "path": "C:/Users/Majd-/Documents/Work/StarwarsPlanets/instrumented/polyfills.ts",
    "statementMap": {},
    "fnMap": {},
    "branchMap": {},
    "s": {},
    "f": {},
    "b": {}
  },
  "C:/Users/Majd-/Documents/Work/StarwarsPlanets/src/test.ts": {
    "path": "C:/Users/Majd-/Documents/Work/StarwarsPlanets/src/test.ts",
    "statementMap": {},
    "fnMap": {},
    "branchMap": {},
    "s": {},
    "f": {},
    "b": {}
  },
  "C:/Users/Majd-/Documents/Work/StarwarsPlanets/cypress/support/index.d.ts": {
    "path": "C:/Users/Majd-/Documents/Work/StarwarsPlanets/cypress/support/index.d.ts",
    "statementMap": {},
    "fnMap": {},
    "branchMap": {},
    "s": {},
    "f": {},
    "b": {}
  },
  "C:/Users/Majd-/Documents/Work/StarwarsPlanets/instrumented/app/app.component.spec.ts": {
    "path": "C:/Users/Majd-/Documents/Work/StarwarsPlanets/instrumented/app/app.component.spec.ts",
    "statementMap": {},
    "fnMap": {},
    "branchMap": {},
    "s": {},
    "f": {},
    "b": {}
  },
  "C:/Users/Majd-/Documents/Work/StarwarsPlanets/instrumented/app/app.component.ts": {
    "path": "C:/Users/Majd-/Documents/Work/StarwarsPlanets/instrumented/app/app.component.ts",
    "statementMap": {},
    "fnMap": {},
    "branchMap": {},
    "s": {},
    "f": {},
    "b": {}
  },
  "C:/Users/Majd-/Documents/Work/StarwarsPlanets/instrumented/app/app.module.ts": {
    "path": "C:/Users/Majd-/Documents/Work/StarwarsPlanets/instrumented/app/app.module.ts",
    "statementMap": {},
    "fnMap": {},
    "branchMap": {},
    "s": {},
    "f": {},
    "b": {}
  },
  "C:/Users/Majd-/Documents/Work/StarwarsPlanets/instrumented/app/planet.model.ts": {
    "path": "C:/Users/Majd-/Documents/Work/StarwarsPlanets/instrumented/app/planet.model.ts",
    "statementMap": {},
    "fnMap": {},
    "branchMap": {},
    "s": {},
    "f": {},
    "b": {}
  },
  "C:/Users/Majd-/Documents/Work/StarwarsPlanets/instrumented/environments/environment.prod.ts": {
    "path": "C:/Users/Majd-/Documents/Work/StarwarsPlanets/instrumented/environments/environment.prod.ts",
    "statementMap": {},
    "fnMap": {},
    "branchMap": {},
    "s": {},
    "f": {},
    "b": {}
  },
  "C:/Users/Majd-/Documents/Work/StarwarsPlanets/instrumented/environments/environment.ts": {
    "path": "C:/Users/Majd-/Documents/Work/StarwarsPlanets/instrumented/environments/environment.ts",
    "statementMap": {},
    "fnMap": {},
    "branchMap": {},
    "s": {},
    "f": {},
    "b": {}
  },
  "C:/Users/Majd-/Documents/Work/StarwarsPlanets/src/app/app.component.spec.ts": {
    "path": "C:/Users/Majd-/Documents/Work/StarwarsPlanets/src/app/app.component.spec.ts",
    "statementMap": {},
    "fnMap": {},
    "branchMap": {},
    "s": {},
    "f": {},
    "b": {}
  },
  "C:/Users/Majd-/Documents/Work/StarwarsPlanets/src/app/planet.model.ts": {
    "path": "C:/Users/Majd-/Documents/Work/StarwarsPlanets/src/app/planet.model.ts",
    "statementMap": {},
    "fnMap": {},
    "branchMap": {},
    "s": {},
    "f": {},
    "b": {}
  },
  "C:/Users/Majd-/Documents/Work/StarwarsPlanets/src/environments/environment.prod.ts": {
    "path": "C:/Users/Majd-/Documents/Work/StarwarsPlanets/src/environments/environment.prod.ts",
    "statementMap": {},
    "fnMap": {},
    "branchMap": {},
    "s": {},
    "f": {},
    "b": {}
  },
  "C:/Users/Majd-/Documents/Work/StarwarsPlanets/instrumented/app/planet-list/backup ts datei.ts": {
    "path": "C:/Users/Majd-/Documents/Work/StarwarsPlanets/instrumented/app/planet-list/backup ts datei.ts",
    "statementMap": {},
    "fnMap": {},
    "branchMap": {},
    "s": {},
    "f": {},
    "b": {}
  },
  "C:/Users/Majd-/Documents/Work/StarwarsPlanets/instrumented/app/planet-list/planet-list.component.spec.ts": {
    "path": "C:/Users/Majd-/Documents/Work/StarwarsPlanets/instrumented/app/planet-list/planet-list.component.spec.ts",
    "statementMap": {},
    "fnMap": {},
    "branchMap": {},
    "s": {},
    "f": {},
    "b": {}
  },
  "C:/Users/Majd-/Documents/Work/StarwarsPlanets/instrumented/app/planet-list/planet-list.component.ts": {
    "path": "C:/Users/Majd-/Documents/Work/StarwarsPlanets/instrumented/app/planet-list/planet-list.component.ts",
    "statementMap": {},
    "fnMap": {},
    "branchMap": {},
    "s": {},
    "f": {},
    "b": {}
  },
  "C:/Users/Majd-/Documents/Work/StarwarsPlanets/src/app/planet-list/backup ts datei.ts": {
    "path": "C:/Users/Majd-/Documents/Work/StarwarsPlanets/src/app/planet-list/backup ts datei.ts",
    "statementMap": {},
    "fnMap": {},
    "branchMap": {},
    "s": {},
    "f": {},
    "b": {}
  },
  "C:/Users/Majd-/Documents/Work/StarwarsPlanets/src/app/planet-list/planet-list.component.spec.ts": {
    "path": "C:/Users/Majd-/Documents/Work/StarwarsPlanets/src/app/planet-list/planet-list.component.spec.ts",
    "statementMap": {},
    "fnMap": {},
    "branchMap": {},
    "s": {},
    "f": {},
    "b": {}
  },
  "C:/Users/Majd-/Documents/Work/StarwarsPlanets/instrumented/app/planet-list/planet (1)/planet.component.spec.ts": {
    "path": "C:/Users/Majd-/Documents/Work/StarwarsPlanets/instrumented/app/planet-list/planet (1)/planet.component.spec.ts",
    "statementMap": {},
    "fnMap": {},
    "branchMap": {},
    "s": {},
    "f": {},
    "b": {}
  },
  "C:/Users/Majd-/Documents/Work/StarwarsPlanets/instrumented/app/planet-list/planet (1)/planet.component.ts": {
    "path": "C:/Users/Majd-/Documents/Work/StarwarsPlanets/instrumented/app/planet-list/planet (1)/planet.component.ts",
    "statementMap": {},
    "fnMap": {},
    "branchMap": {},
    "s": {},
    "f": {},
    "b": {}
  },
  "C:/Users/Majd-/Documents/Work/StarwarsPlanets/instrumented/app/planet-list/planet-details/planet-details.component.spec.ts": {
    "path": "C:/Users/Majd-/Documents/Work/StarwarsPlanets/instrumented/app/planet-list/planet-details/planet-details.component.spec.ts",
    "statementMap": {},
    "fnMap": {},
    "branchMap": {},
    "s": {},
    "f": {},
    "b": {}
  },
  "C:/Users/Majd-/Documents/Work/StarwarsPlanets/instrumented/app/planet-list/planet-details/planet-details.component.ts": {
    "path": "C:/Users/Majd-/Documents/Work/StarwarsPlanets/instrumented/app/planet-list/planet-details/planet-details.component.ts",
    "statementMap": {},
    "fnMap": {},
    "branchMap": {},
    "s": {},
    "f": {},
    "b": {}
  },
  "C:/Users/Majd-/Documents/Work/StarwarsPlanets/src/app/planet-list/planet (1)/planet.component.spec.ts": {
    "path": "C:/Users/Majd-/Documents/Work/StarwarsPlanets/src/app/planet-list/planet (1)/planet.component.spec.ts",
    "statementMap": {},
    "fnMap": {},
    "branchMap": {},
    "s": {},
    "f": {},
    "b": {}
  },
  "C:/Users/Majd-/Documents/Work/StarwarsPlanets/src/app/planet-list/planet-details/planet-details.component.spec.ts": {
    "path": "C:/Users/Majd-/Documents/Work/StarwarsPlanets/src/app/planet-list/planet-details/planet-details.component.spec.ts",
    "statementMap": {},
    "fnMap": {},
    "branchMap": {},
    "s": {},
    "f": {},
    "b": {}
  }
}
